12:28:22.025 [main,,,] INFO  com.example.demo.ProviderApplication - Starting ProviderApplication using Java 1.8.0_292 on Haitao.local with PID 11766 (/Users/haitaoxing/workspaces/nacos/nacos-sc-demo/service-provider/target/classes started by haitaoxing in /Users/haitaoxing/workspaces/nacos/nacos-sc-demo/service-provider)
12:28:22.027 [main,,,] INFO  com.example.demo.ProviderApplication - No active profile set, falling back to default profiles: default
12:28:22.424 [main,,,] INFO  o.s.cloud.context.scope.GenericScope - BeanFactory id=b57904cf-83af-3b8c-b1fd-518824fa471f
12:28:22.573 [main,,,] INFO  o.s.b.w.e.tomcat.TomcatWebServer - Tomcat initialized with port(s): 8080 (http)
12:28:22.579 [main,,,] INFO  o.a.coyote.http11.Http11NioProtocol - Initializing ProtocolHandler ["http-nio-8080"]
12:28:22.579 [main,,,] INFO  o.a.catalina.core.StandardService - Starting service [Tomcat]
12:28:22.579 [main,,,] INFO  o.a.catalina.core.StandardEngine - Starting Servlet engine: [Apache Tomcat/9.0.50]
12:28:22.617 [main,,,] INFO  o.a.c.c.C.[Tomcat].[localhost].[/] - Initializing Spring embedded WebApplicationContext
12:28:22.618 [main,,,] INFO  o.s.b.w.s.c.ServletWebServerApplicationContext - Root WebApplicationContext: initialization completed in 533 ms
12:28:23.888 [main,,,] INFO  o.s.cloud.commons.util.InetUtils - Cannot determine local hostname
12:28:24.929 [main,,,] INFO  o.s.cloud.commons.util.InetUtils - Cannot determine local hostname
12:28:24.964 [main,,,] ERROR c.a.cloud.nacos.discovery.NacosWatch - namingService subscribe failed, properties:NacosDiscoveryProperties{serverAddr='localhost:8848', endpoint='', namespace='', watchDelay=30000, logName='', service='', weight=1.0, clusterName='DEFAULT', group='DEFAULT_GROUP', namingLoadCacheAtStart='false', metadata={preserved.register.source=SPRING_CLOUD}, registerEnabled=true, ip='10.200.10.1', networkInterface='', port=-1, secure=false, accessKey='', secretKey='', heartBeatInterval=null, heartBeatTimeout=null, ipDeleteTimeout=null}
java.lang.IllegalArgumentException: Param 'serviceName' is illegal, serviceName is blank
	at com.alibaba.nacos.api.naming.utils.NamingUtils.getGroupedName(NamingUtils.java:47)
	at com.alibaba.nacos.client.naming.NacosNamingService.subscribe(NacosNamingService.java:457)
	at com.alibaba.cloud.nacos.discovery.NacosWatch.start(NacosWatch.java:123)
	at org.springframework.context.support.DefaultLifecycleProcessor.doStart(DefaultLifecycleProcessor.java:178)
	at org.springframework.context.support.DefaultLifecycleProcessor.access$200(DefaultLifecycleProcessor.java:54)
	at org.springframework.context.support.DefaultLifecycleProcessor$LifecycleGroup.start(DefaultLifecycleProcessor.java:356)
	at java.lang.Iterable.forEach(Iterable.java:75)
	at org.springframework.context.support.DefaultLifecycleProcessor.startBeans(DefaultLifecycleProcessor.java:155)
	at org.springframework.context.support.DefaultLifecycleProcessor.onRefresh(DefaultLifecycleProcessor.java:123)
	at org.springframework.context.support.AbstractApplicationContext.finishRefresh(AbstractApplicationContext.java:935)
	at org.springframework.context.support.AbstractApplicationContext.refresh(AbstractApplicationContext.java:586)
	at org.springframework.boot.web.servlet.context.ServletWebServerApplicationContext.refresh(ServletWebServerApplicationContext.java:145)
	at org.springframework.boot.SpringApplication.refresh(SpringApplication.java:754)
	at org.springframework.boot.SpringApplication.refreshContext(SpringApplication.java:434)
	at org.springframework.boot.SpringApplication.run(SpringApplication.java:338)
	at org.springframework.boot.SpringApplication.run(SpringApplication.java:1343)
	at org.springframework.boot.SpringApplication.run(SpringApplication.java:1332)
	at com.example.demo.ProviderApplication.main(ProviderApplication.java:26)
12:28:24.966 [main,,,] INFO  o.a.coyote.http11.Http11NioProtocol - Starting ProtocolHandler ["http-nio-8080"]
12:28:24.978 [main,,,] INFO  o.s.b.w.e.tomcat.TomcatWebServer - Tomcat started on port(s): 8080 (http) with context path ''
12:28:24.980 [main,,,] WARN  c.a.c.n.r.NacosServiceRegistry - No service to register for nacos client...
12:28:25.657 [main,,,] INFO  com.example.demo.ProviderApplication - Started ProviderApplication in 5.144 seconds (JVM running for 5.378)
12:28:56.674 [Thread-12,,,] WARN  c.a.nacos.common.notify.NotifyCenter - [NotifyCenter] Start destroying Publisher
12:28:56.674 [Thread-3,,,] WARN  c.a.n.c.http.HttpClientBeanHolder - [HttpClientBeanHolder] Start destroying common HttpClient
12:28:56.674 [Thread-12,,,] WARN  c.a.nacos.common.notify.NotifyCenter - [NotifyCenter] Destruction of the end
12:28:56.674 [Thread-3,,,] WARN  c.a.n.c.http.HttpClientBeanHolder - [HttpClientBeanHolder] Destruction of the end
12:28:56.694 [SpringApplicationShutdownHook,,,] ERROR c.a.cloud.nacos.discovery.NacosWatch - namingService unsubscribe failed, properties:NacosDiscoveryProperties{serverAddr='localhost:8848', endpoint='', namespace='', watchDelay=30000, logName='', service='', weight=1.0, clusterName='DEFAULT', group='DEFAULT_GROUP', namingLoadCacheAtStart='false', metadata={preserved.register.source=SPRING_CLOUD}, registerEnabled=true, ip='10.200.10.1', networkInterface='', port=8080, secure=false, accessKey='', secretKey='', heartBeatInterval=null, heartBeatTimeout=null, ipDeleteTimeout=null}
java.lang.IllegalArgumentException: Param 'serviceName' is illegal, serviceName is blank
	at com.alibaba.nacos.api.naming.utils.NamingUtils.getGroupedName(NamingUtils.java:47)
	at com.alibaba.nacos.client.naming.NacosNamingService.unsubscribe(NacosNamingService.java:479)
	at com.alibaba.cloud.nacos.discovery.NacosWatch.stop(NacosWatch.java:166)
	at com.alibaba.cloud.nacos.discovery.NacosWatch.stop(NacosWatch.java:97)
	at org.springframework.context.support.DefaultLifecycleProcessor.doStop(DefaultLifecycleProcessor.java:234)
	at org.springframework.context.support.DefaultLifecycleProcessor.access$300(DefaultLifecycleProcessor.java:54)
	at org.springframework.context.support.DefaultLifecycleProcessor$LifecycleGroup.stop(DefaultLifecycleProcessor.java:373)
	at org.springframework.context.support.DefaultLifecycleProcessor.stopBeans(DefaultLifecycleProcessor.java:206)
	at org.springframework.context.support.DefaultLifecycleProcessor.onClose(DefaultLifecycleProcessor.java:129)
	at org.springframework.context.support.AbstractApplicationContext.doClose(AbstractApplicationContext.java:1067)
	at org.springframework.boot.web.servlet.context.ServletWebServerApplicationContext.doClose(ServletWebServerApplicationContext.java:172)
	at org.springframework.context.support.AbstractApplicationContext.close(AbstractApplicationContext.java:1021)
	at org.springframework.boot.SpringApplicationShutdownHook.closeAndWait(SpringApplicationShutdownHook.java:131)
	at java.lang.Iterable.forEach(Iterable.java:75)
	at org.springframework.boot.SpringApplicationShutdownHook.run(SpringApplicationShutdownHook.java:100)
	at java.lang.Thread.run(Thread.java:748)
12:28:56.695 [SpringApplicationShutdownHook,,,] INFO  c.a.c.n.r.NacosServiceRegistry - De-registering from Nacos Server now...
12:28:56.696 [SpringApplicationShutdownHook,,,] WARN  c.a.c.n.r.NacosServiceRegistry - No dom to de-register for nacos client...
12:28:59.705 [SpringApplicationShutdownHook,,,] WARN  o.s.b.f.s.DisposableBeanAdapter - Destroy method 'close' on bean with name 'nacosServiceRegistry' threw an exception: java.lang.NullPointerException
12:29:17.496 [main,,,] INFO  com.example.demo.ProviderApplication - Starting ProviderApplication using Java 1.8.0_292 on Haitao.local with PID 11802 (/Users/haitaoxing/workspaces/nacos/nacos-sc-demo/service-provider/target/classes started by haitaoxing in /Users/haitaoxing/workspaces/nacos/nacos-sc-demo/service-provider)
12:29:17.497 [main,,,] INFO  com.example.demo.ProviderApplication - No active profile set, falling back to default profiles: default
12:29:17.881 [main,,,] INFO  o.s.cloud.context.scope.GenericScope - BeanFactory id=b57904cf-83af-3b8c-b1fd-518824fa471f
12:29:18.025 [main,,,] INFO  o.s.b.w.e.tomcat.TomcatWebServer - Tomcat initialized with port(s): 8080 (http)
12:29:18.029 [main,,,] INFO  o.a.coyote.http11.Http11NioProtocol - Initializing ProtocolHandler ["http-nio-8080"]
12:29:18.030 [main,,,] INFO  o.a.catalina.core.StandardService - Starting service [Tomcat]
12:29:18.030 [main,,,] INFO  o.a.catalina.core.StandardEngine - Starting Servlet engine: [Apache Tomcat/9.0.50]
12:29:18.064 [main,,,] INFO  o.a.c.c.C.[Tomcat].[localhost].[/] - Initializing Spring embedded WebApplicationContext
12:29:18.064 [main,,,] INFO  o.s.b.w.s.c.ServletWebServerApplicationContext - Root WebApplicationContext: initialization completed in 516 ms
12:29:19.291 [main,,,] INFO  o.s.cloud.commons.util.InetUtils - Cannot determine local hostname
12:29:20.334 [main,,,] INFO  o.s.cloud.commons.util.InetUtils - Cannot determine local hostname
12:29:20.490 [main,,,] INFO  o.a.coyote.http11.Http11NioProtocol - Starting ProtocolHandler ["http-nio-8080"]
12:29:20.502 [main,,,] INFO  o.s.b.w.e.tomcat.TomcatWebServer - Tomcat started on port(s): 8080 (http) with context path ''
12:29:20.515 [main,,,] INFO  c.a.c.n.r.NacosServiceRegistry - nacos registry, DEFAULT_GROUP service-provider 10.200.10.1:8080 register finished
12:29:21.311 [main,,,] INFO  com.example.demo.ProviderApplication - Started ProviderApplication in 5.142 seconds (JVM running for 5.376)
12:29:31.708 [Thread-3,,,] WARN  c.a.n.c.http.HttpClientBeanHolder - [HttpClientBeanHolder] Start destroying common HttpClient
12:29:31.709 [Thread-12,,,] WARN  c.a.nacos.common.notify.NotifyCenter - [NotifyCenter] Start destroying Publisher
12:29:31.709 [Thread-12,,,] WARN  c.a.nacos.common.notify.NotifyCenter - [NotifyCenter] Destruction of the end
12:29:31.709 [Thread-3,,,] WARN  c.a.n.c.http.HttpClientBeanHolder - [HttpClientBeanHolder] Destruction of the end
12:29:31.728 [SpringApplicationShutdownHook,,,] INFO  c.a.c.n.r.NacosServiceRegistry - De-registering from Nacos Server now...
12:29:31.821 [SpringApplicationShutdownHook,,,] INFO  c.a.c.n.r.NacosServiceRegistry - De-registration finished.
12:29:40.848 [SpringApplicationShutdownHook,,,] WARN  o.s.b.f.s.DisposableBeanAdapter - Destroy method 'close' on bean with name 'nacosServiceRegistry' threw an exception: java.lang.NullPointerException
13:00:44.670 [main,,,] INFO  com.example.demo.ProviderApplication - Starting ProviderApplication using Java 1.8.0_292 on Haitao.local with PID 2112 (/Users/haitaoxing/workspaces/nacos/nacos-sc-demo/service-provider/target/classes started by haitaoxing in /Users/haitaoxing/workspaces/nacos/nacos-sc-demo/service-provider)
13:00:44.672 [main,,,] INFO  com.example.demo.ProviderApplication - No active profile set, falling back to default profiles: default
13:00:45.396 [main,,,] INFO  o.s.cloud.context.scope.GenericScope - BeanFactory id=b57904cf-83af-3b8c-b1fd-518824fa471f
13:00:45.662 [main,,,] INFO  o.s.b.w.e.tomcat.TomcatWebServer - Tomcat initialized with port(s): 8080 (http)
13:00:45.671 [main,,,] INFO  o.a.coyote.http11.Http11NioProtocol - Initializing ProtocolHandler ["http-nio-8080"]
13:00:45.671 [main,,,] INFO  o.a.catalina.core.StandardService - Starting service [Tomcat]
13:00:45.671 [main,,,] INFO  o.a.catalina.core.StandardEngine - Starting Servlet engine: [Apache Tomcat/9.0.50]
13:00:45.732 [main,,,] INFO  o.a.c.c.C.[Tomcat].[localhost].[/] - Initializing Spring embedded WebApplicationContext
13:00:45.733 [main,,,] INFO  o.s.b.w.s.c.ServletWebServerApplicationContext - Root WebApplicationContext: initialization completed in 979 ms
13:00:47.168 [main,,,] INFO  o.s.cloud.commons.util.InetUtils - Cannot determine local hostname
13:00:48.222 [main,,,] INFO  o.s.cloud.commons.util.InetUtils - Cannot determine local hostname
13:00:48.634 [main,,,] INFO  o.a.coyote.http11.Http11NioProtocol - Starting ProtocolHandler ["http-nio-8080"]
13:00:48.651 [main,,,] INFO  o.s.b.w.e.tomcat.TomcatWebServer - Tomcat started on port(s): 8080 (http) with context path ''
13:00:48.675 [main,,,] INFO  c.a.c.n.r.NacosServiceRegistry - nacos registry, DEFAULT_GROUP service-provider 10.200.10.1:8080 register finished
13:00:48.693 [main,,,] INFO  com.example.demo.ProviderApplication - Started ProviderApplication in 5.598 seconds (JVM running for 5.992)
13:02:20.736 [Thread-3,,,] WARN  c.a.n.c.http.HttpClientBeanHolder - [HttpClientBeanHolder] Start destroying common HttpClient
13:02:20.737 [Thread-12,,,] WARN  c.a.nacos.common.notify.NotifyCenter - [NotifyCenter] Start destroying Publisher
13:02:20.737 [Thread-12,,,] WARN  c.a.nacos.common.notify.NotifyCenter - [NotifyCenter] Destruction of the end
13:02:20.737 [Thread-3,,,] WARN  c.a.n.c.http.HttpClientBeanHolder - [HttpClientBeanHolder] Destruction of the end
13:02:20.757 [SpringApplicationShutdownHook,,,] INFO  c.a.c.n.r.NacosServiceRegistry - De-registering from Nacos Server now...
13:02:20.761 [SpringApplicationShutdownHook,,,] INFO  c.a.c.n.r.NacosServiceRegistry - De-registration finished.
13:02:29.798 [SpringApplicationShutdownHook,,,] WARN  o.s.b.f.s.DisposableBeanAdapter - Destroy method 'close' on bean with name 'nacosServiceRegistry' threw an exception: java.lang.NullPointerException
